<?xml version="1.0" encoding="UTF-8"?>
<testsuite xmlns:xsi="http://www.w3.org/2001/XMLSchema-instance" xsi:noNamespaceSchemaLocation="https://maven.apache.org/surefire/maven-surefire-plugin/xsd/surefire-test-report.xsd" name="pe.ibk.cpe.dependencies.global.util.JsonLogUtilTest" time="0.153" tests="2" errors="0" skipped="0" failures="0">
  <properties>
[...]
</properties>
  <testcase name="givenNullObject_whenToJson_thenStringJson" classname="pe.ibk.cpe.dependencies.global.util.JsonLogUtilTest" time="0.015"/>
  <testcase name="givenObject_whenToJson_thenStringJson" classname="pe.ibk.cpe.dependencies.global.util.JsonLogUtilTest" time="0.015"/>
</testsuite>